<?xml version="1.0" encoding="UTF-8"?>
<testng-results skipped="0" failed="0" ignored="0" total="1" passed="1">
  <reporter-output>
  </reporter-output>
  <suite name="nopCommerce" duration-ms="15509" started-at="2020-11-02T12:56:37Z" finished-at="2020-11-02T12:56:53Z">
    <groups>
    </groups>
    <test name="Test1" duration-ms="15509" started-at="2020-11-02T12:56:37Z" finished-at="2020-11-02T12:56:53Z">
      <class name="com.nopcommerce.testCases.TC_LoginTest_001">
        <test-method status="PASS" signature="setup(java.lang.String)[pri:0, instance:com.nopcommerce.testCases.TC_LoginTest_001@48aaecc3]" name="setup" is-config="true" duration-ms="5651" started-at="2020-11-02T12:56:38Z" finished-at="2020-11-02T12:56:43Z">
          <params>
            <param index="0">
              <value>
                <![CDATA[chrome]]>
              </value>
            </param>
          </params>
          <reporter-output>
          </reporter-output>
        </test-method> <!-- setup -->
        <test-method status="PASS" signature="loginTest()[pri:0, instance:com.nopcommerce.testCases.TC_LoginTest_001@48aaecc3]" name="loginTest" duration-ms="9681" started-at="2020-11-02T12:56:43Z" finished-at="2020-11-02T12:56:53Z">
          <reporter-output>
          </reporter-output>
        </test-method> <!-- loginTest -->
        <test-method status="PASS" signature="tearDown()[pri:0, instance:com.nopcommerce.testCases.TC_LoginTest_001@48aaecc3]" name="tearDown" is-config="true" duration-ms="62" started-at="2020-11-02T12:56:53Z" finished-at="2020-11-02T12:56:53Z">
          <reporter-output>
          </reporter-output>
        </test-method> <!-- tearDown -->
      </class> <!-- com.nopcommerce.testCases.TC_LoginTest_001 -->
    </test> <!-- Test1 -->
  </suite> <!-- nopCommerce -->
</testng-results>
